Using pre-set license
Built from '2023.1/staging' branch; Version is '2023.1.13f1 (ffeab063bb93) revision 16771760'; Using compiler version '192829333'; Build Type 'Release'
OS: 'Windows 10  (10.0.19045) 64bit CoreSingleLanguage' Language: 'en' Physical Memory: 32610 MB
BatchMode: 1, IsHumanControllingUs: 0, StartBugReporterOnCrash: 0, Is64bit: 1, IsPro: 1

COMMAND LINE ARGUMENTS:
C:\Program Files\Unity\Hub\Editor\2023.1.13f1\Editor\Unity.exe
-adb2
-batchMode
-noUpm
-name
AssetImportWorker1
-projectPath
C:/Adriel/School/Humber/Sem 3/Game Engines 3 (Unity)/kaiji-AR/AR_Assignment
-logFile
Logs/AssetImportWorker1.log
-srvPort
65479
Successfully changed project path to: C:/Adriel/School/Humber/Sem 3/Game Engines 3 (Unity)/kaiji-AR/AR_Assignment
C:/Adriel/School/Humber/Sem 3/Game Engines 3 (Unity)/kaiji-AR/AR_Assignment
[UnityMemory] Configuration Parameters - Can be set up in boot.config
    "memorysetup-bucket-allocator-granularity=16"
    "memorysetup-bucket-allocator-bucket-count=8"
    "memorysetup-bucket-allocator-block-size=33554432"
    "memorysetup-bucket-allocator-block-count=8"
    "memorysetup-main-allocator-block-size=16777216"
    "memorysetup-thread-allocator-block-size=16777216"
    "memorysetup-gfx-main-allocator-block-size=16777216"
    "memorysetup-gfx-thread-allocator-block-size=16777216"
    "memorysetup-cache-allocator-block-size=4194304"
    "memorysetup-typetree-allocator-block-size=2097152"
    "memorysetup-profiler-bucket-allocator-granularity=16"
    "memorysetup-profiler-bucket-allocator-bucket-count=8"
    "memorysetup-profiler-bucket-allocator-block-size=33554432"
    "memorysetup-profiler-bucket-allocator-block-count=8"
    "memorysetup-profiler-allocator-block-size=16777216"
    "memorysetup-profiler-editor-allocator-block-size=1048576"
    "memorysetup-temp-allocator-size-main=16777216"
    "memorysetup-job-temp-allocator-block-size=2097152"
    "memorysetup-job-temp-allocator-block-size-background=1048576"
    "memorysetup-job-temp-allocator-reduction-small-platforms=262144"
    "memorysetup-allocator-temp-initial-block-size-main=262144"
    "memorysetup-allocator-temp-initial-block-size-worker=262144"
    "memorysetup-temp-allocator-size-background-worker=32768"
    "memorysetup-temp-allocator-size-job-worker=262144"
    "memorysetup-temp-allocator-size-preload-manager=33554432"
    "memorysetup-temp-allocator-size-nav-mesh-worker=65536"
    "memorysetup-temp-allocator-size-audio-worker=65536"
    "memorysetup-temp-allocator-size-cloud-worker=32768"
    "memorysetup-temp-allocator-size-gi-baking-worker=262144"
    "memorysetup-temp-allocator-size-gfx=262144"
Player connection [11628] Host "[IP] 10.111.27.236 [Port] 0 [Flags] 2 [Guid] 4230304398 [EditorId] 4230304398 [Version] 1048832 [Id] WindowsEditor(7,DESKTOP-TE9V0I7) [Debug] 1 [PackageName] WindowsEditor [ProjectName] Editor" joined multi-casting on [225.0.0.222:54997]...

Player connection [11628] Host "[IP] 10.111.27.236 [Port] 0 [Flags] 2 [Guid] 4230304398 [EditorId] 4230304398 [Version] 1048832 [Id] WindowsEditor(7,DESKTOP-TE9V0I7) [Debug] 1 [PackageName] WindowsEditor [ProjectName] Editor" joined alternative multi-casting on [225.0.0.222:34997]...

[Physics::Module] Initialized MultithreadedJobDispatcher with 7 workers.
Library Redirect Path: Library/Refreshing native plugins compatible for Editor in 19.11 ms, found 4 plugins.
Preloading 0 native plugins for Editor in 0.00 ms.
Initialize engine version: 2023.1.13f1 (ffeab063bb93)
[Subsystems] Discovering subsystems at path C:/Program Files/Unity/Hub/Editor/2023.1.13f1/Editor/Data/Resources/UnitySubsystems
[Subsystems] Discovering subsystems at path C:/Adriel/School/Humber/Sem 3/Game Engines 3 (Unity)/kaiji-AR/AR_Assignment/Assets
GfxDevice: creating device client; threaded=0; jobified=0
Direct3D:
    Version:  Direct3D 11.0 [level 11.1]
    Renderer: NVIDIA GeForce GTX 1050 (ID=0x1c8d)
    Vendor:   NVIDIA
    VRAM:     4019 MB
    Driver:   31.0.15.4617
Initialize mono
Mono path[0] = 'C:/Program Files/Unity/Hub/Editor/2023.1.13f1/Editor/Data/Managed'
Mono path[1] = 'C:/Program Files/Unity/Hub/Editor/2023.1.13f1/Editor/Data/MonoBleedingEdge/lib/mono/unityjit-win32'
Mono config path = 'C:/Program Files/Unity/Hub/Editor/2023.1.13f1/Editor/Data/MonoBleedingEdge/etc'
Using monoOptions --debugger-agent=transport=dt_socket,embedding=1,server=y,suspend=n,address=127.0.0.1:56160
Begin MonoManager ReloadAssembly
C:\build\output\Unity-Technologies\mono\mono\metadata\icall.c:1842:
C:\build\output\Unity-Technologies\mono\mono\metadata\icall.c:1842:
C:\build\output\Unity-Technologies\mono\mono\metadata\icall.c:1842:
C:\build\output\Unity-Technologies\mono\mono\metadata\icall.c:1842:
C:\build\output\Unity-Technologies\mono\mono\metadata\icall.c:1842:
C:\build\output\Unity-Technologies\mono\mono\metadata\icall.c:1842:
C:\build\output\Unity-Technologies\mono\mono\metadata\icall.c:1842:
C:\build\output\Unity-Technologies\mono\mono\metadata\icall.c:1842:
C:\build\output\Unity-Technologies\mono\mono\metadata\icall.c:1842:
C:\build\output\Unity-Technologies\mono\mono\metadata\icall.c:1842:
Registering precompiled unity dll's ...
Register platform support module: C:/Program Files/Unity/Hub/Editor/2023.1.13f1/Editor/Data/PlaybackEngines/WindowsStandaloneSupport/UnityEditor.WindowsStandalone.Extensions.dll
Register platform support module: C:/Program Files/Unity/Hub/Editor/2023.1.13f1/Editor/Data/PlaybackEngines/AndroidPlayer/UnityEditor.Android.Extensions.dll
Register platform support module: C:/Program Files/Unity/Hub/Editor/2023.1.13f1/Editor/Data/PlaybackEngines/iOSSupport/UnityEditor.iOS.Extensions.dll
Registered in 0.010605 seconds.
- Loaded All Assemblies, in  0.593 seconds
[usbmuxd] Start listen thread
[usbmuxd] Listen thread started
Native extension for iOS target not found
Native extension for Android target not found
Android Extension - Scanning For ADB Devices 407 ms
Native extension for WindowsStandalone target not found
Mono: successfully reloaded assembly
C:\build\output\Unity-Technologies\mono\mono\metadata\icall.c:1842:
C:\build\output\Unity-Technologies\mono\mono\metadata\icall.c:1842:
- Finished resetting the current domain, in  1.000 seconds
Domain Reload Profiling: 1590ms
	BeginReloadAssembly (176ms)
		ExecutionOrderSort (0ms)
		DisableScriptedObjects (0ms)
		BackupInstance (0ms)
		ReleaseScriptingObjects (0ms)
		CreateAndSetChildDomain (1ms)
	RebuildCommonClasses (44ms)
	RebuildNativeTypeToScriptingClass (18ms)
	initialDomainReloadingComplete (79ms)
	LoadAllAssembliesAndSetupDomain (272ms)
		LoadAssemblies (171ms)
		RebuildTransferFunctionScriptingTraits (0ms)
		AnalyzeDomain (264ms)
			TypeCache.Refresh (262ms)
				TypeCache.ScanAssembly (247ms)
			ScanForSourceGeneratedMonoScriptInfo (1ms)
			ResolveRequiredComponents (1ms)
	FinalizeReload (1001ms)
		ReleaseScriptCaches (0ms)
		RebuildScriptCaches (0ms)
		SetupLoadedEditorAssemblies (933ms)
			LogAssemblyErrors (0ms)
			InitializePlatformSupportModulesInManaged (593ms)
			SetLoadedEditorAssemblies (7ms)
			BeforeProcessingInitializeOnLoad (12ms)
			ProcessInitializeOnLoadAttributes (234ms)
			ProcessInitializeOnLoadMethodAttributes (86ms)
			AfterProcessingInitializeOnLoad (0ms)
			EditorAssembliesLoaded (0ms)
		ExecutionOrderSort2 (0ms)
		AwakeInstancesAfterBackupRestoration (0ms)
========================================================================
Worker process is ready to serve import requests
Import Worker Mode flag is 0x00
Begin MonoManager ReloadAssembly
C:\build\output\Unity-Technologies\mono\mono\metadata\icall.c:1842:
C:\build\output\Unity-Technologies\mono\mono\metadata\icall.c:1842:
C:\build\output\Unity-Technologies\mono\mono\metadata\icall.c:1842:
C:\build\output\Unity-Technologies\mono\mono\metadata\icall.c:1842:
C:\build\output\Unity-Technologies\mono\mono\metadata\icall.c:1842:
C:\build\output\Unity-Technologies\mono\mono\metadata\icall.c:1842:
C:\build\output\Unity-Technologies\mono\mono\metadata\icall.c:1842:
C:\build\output\Unity-Technologies\mono\mono\metadata\icall.c:1842:
C:\build\output\Unity-Technologies\mono\mono\metadata\icall.c:1842:
C:\build\output\Unity-Technologies\mono\mono\metadata\icall.c:1842:
C:\build\output\Unity-Technologies\mono\mono\metadata\icall.c:1842:
C:\build\output\Unity-Technologies\mono\mono\metadata\icall.c:1842:
Symbol file data-000001F2E34FF1A0 doesn't match image C:\Adriel\School\Humber\Sem 3\Game Engines 3 (Unity)\kaiji-AR\AR_Assignment\Library\ScriptAssemblies\Unity.CollabProxy.Editor.dll
Symbol file LoadedFromMemory is not a mono symbol file
Symbol file data-000001F2E3B5D7A0 doesn't match image C:\Adriel\School\Humber\Sem 3\Game Engines 3 (Unity)\kaiji-AR\AR_Assignment\Library\ScriptAssemblies\Unity.EditorCoroutines.Editor.dll
Symbol file LoadedFromMemory is not a mono symbol file
Symbol file data-000001F2E49F5020 doesn't match image C:\Adriel\School\Humber\Sem 3\Game Engines 3 (Unity)\kaiji-AR\AR_Assignment\Library\ScriptAssemblies\Unity.InputSystem.dll
Symbol file LoadedFromMemory is not a mono symbol file
Symbol file data-000001F2E1FEFED0 doesn't match image C:\Adriel\School\Humber\Sem 3\Game Engines 3 (Unity)\kaiji-AR\AR_Assignment\Library\ScriptAssemblies\Unity.InputSystem.ForUI.dll
Symbol file LoadedFromMemory is not a mono symbol file
Symbol file data-000001F2E352C700 doesn't match image C:\Adriel\School\Humber\Sem 3\Game Engines 3 (Unity)\kaiji-AR\AR_Assignment\Library\ScriptAssemblies\Unity.InputSystem.TestFramework.dll
Symbol file LoadedFromMemory is not a mono symbol file
Symbol file data-000001F2E0ED1020 doesn't match image C:\Adriel\School\Humber\Sem 3\Game Engines 3 (Unity)\kaiji-AR\AR_Assignment\Library\ScriptAssemblies\Unity.Mathematics.dll
Symbol file LoadedFromMemory is not a mono symbol file
Symbol file data-000001F2E3CCA850 doesn't match image C:\Adriel\School\Humber\Sem 3\Game Engines 3 (Unity)\kaiji-AR\AR_Assignment\Library\ScriptAssemblies\Unity.Mathematics.Editor.dll
Symbol file LoadedFromMemory is not a mono symbol file
Symbol file data-000001F2E1297030 doesn't match image C:\Adriel\School\Humber\Sem 3\Game Engines 3 (Unity)\kaiji-AR\AR_Assignment\Library\ScriptAssemblies\Unity.Performance.Profile-Analyzer.Editor.dll
Symbol file LoadedFromMemory is not a mono symbol file
Symbol file data-000001F2E3E12020 doesn't match image C:\Adriel\School\Humber\Sem 3\Game Engines 3 (Unity)\kaiji-AR\AR_Assignment\Library\ScriptAssemblies\Unity.PlasticSCM.Editor.dll
Symbol file LoadedFromMemory is not a mono symbol file
Symbol file data-000001F2E352C700 doesn't match image C:\Adriel\School\Humber\Sem 3\Game Engines 3 (Unity)\kaiji-AR\AR_Assignment\Library\ScriptAssemblies\Unity.Rider.Editor.dll
Symbol file LoadedFromMemory is not a mono symbol file
Symbol file data-000001F2E12ADC40 doesn't match image C:\Adriel\School\Humber\Sem 3\Game Engines 3 (Unity)\kaiji-AR\AR_Assignment\Library\ScriptAssemblies\Unity.Settings.Editor.dll
Symbol file LoadedFromMemory is not a mono symbol file
Symbol file data-000001F2E0E7F020 doesn't match image C:\Adriel\School\Humber\Sem 3\Game Engines 3 (Unity)\kaiji-AR\AR_Assignment\Library\ScriptAssemblies\Unity.TestTools.CodeCoverage.Editor.dll
Symbol file LoadedFromMemory is not a mono symbol file
Symbol file data-000001F2E0E7F020 doesn't match image C:\Adriel\School\Humber\Sem 3\Game Engines 3 (Unity)\kaiji-AR\AR_Assignment\Library\ScriptAssemblies\Unity.TestTools.CodeCoverage.Editor.OpenCover.Model.dll
Symbol file LoadedFromMemory is not a mono symbol file
Symbol file data-000001F2E3CCA850 doesn't match image C:\Adriel\School\Humber\Sem 3\Game Engines 3 (Unity)\kaiji-AR\AR_Assignment\Library\ScriptAssemblies\Unity.TestTools.CodeCoverage.Editor.OpenCover.Mono.Reflection.dll
Symbol file LoadedFromMemory is not a mono symbol file
Symbol file data-000001F2E0E7F020 doesn't match image C:\Adriel\School\Humber\Sem 3\Game Engines 3 (Unity)\kaiji-AR\AR_Assignment\Library\ScriptAssemblies\Unity.TextMeshPro.dll
Symbol file LoadedFromMemory is not a mono symbol file
Symbol file data-000001F2DFF6B020 doesn't match image C:\Adriel\School\Humber\Sem 3\Game Engines 3 (Unity)\kaiji-AR\AR_Assignment\Library\ScriptAssemblies\Unity.TextMeshPro.Editor.dll
Symbol file LoadedFromMemory is not a mono symbol file
Symbol file data-000001F2E0F67010 doesn't match image C:\Adriel\School\Humber\Sem 3\Game Engines 3 (Unity)\kaiji-AR\AR_Assignment\Library\ScriptAssemblies\Unity.Timeline.dll
Symbol file LoadedFromMemory is not a mono symbol file
Symbol file data-000001F2E0818020 doesn't match image C:\Adriel\School\Humber\Sem 3\Game Engines 3 (Unity)\kaiji-AR\AR_Assignment\Library\ScriptAssemblies\Unity.Timeline.Editor.dll
Symbol file LoadedFromMemory is not a mono symbol file
Symbol file data-000001F2E3B81850 doesn't match image C:\Adriel\School\Humber\Sem 3\Game Engines 3 (Unity)\kaiji-AR\AR_Assignment\Library\ScriptAssemblies\Unity.VisualScripting.Core.dll
Symbol file LoadedFromMemory is not a mono symbol file
Symbol file data-000001F2E0818020 doesn't match image C:\Adriel\School\Humber\Sem 3\Game Engines 3 (Unity)\kaiji-AR\AR_Assignment\Library\ScriptAssemblies\Unity.VisualScripting.Core.Editor.dll
Symbol file LoadedFromMemory is not a mono symbol file
Symbol file data-000001F2E0F67010 doesn't match image C:\Adriel\School\Humber\Sem 3\Game Engines 3 (Unity)\kaiji-AR\AR_Assignment\Library\ScriptAssemblies\Unity.VisualScripting.Flow.dll
Symbol file LoadedFromMemory is not a mono symbol file
Symbol file data-000001F2E0F67010 doesn't match image C:\Adriel\School\Humber\Sem 3\Game Engines 3 (Unity)\kaiji-AR\AR_Assignment\Library\ScriptAssemblies\Unity.VisualScripting.Flow.Editor.dll
Symbol file LoadedFromMemory is not a mono symbol file
Symbol file data-000001F2E0EBAE30 doesn't match image C:\Adriel\School\Humber\Sem 3\Game Engines 3 (Unity)\kaiji-AR\AR_Assignment\Library\ScriptAssemblies\Unity.VisualScripting.SettingsProvider.Editor.dll
Symbol file LoadedFromMemory is not a mono symbol file
Symbol file data-000001F2E0EBAE30 doesn't match image C:\Adriel\School\Humber\Sem 3\Game Engines 3 (Unity)\kaiji-AR\AR_Assignment\Library\ScriptAssemblies\Unity.VisualScripting.Shared.Editor.dll
Symbol file LoadedFromMemory is not a mono symbol file
Symbol file data-000001F2DFF92A30 doesn't match image C:\Adriel\School\Humber\Sem 3\Game Engines 3 (Unity)\kaiji-AR\AR_Assignment\Library\ScriptAssemblies\Unity.VisualScripting.State.dll
Symbol file LoadedFromMemory is not a mono symbol file
Symbol file data-000001F2E4A98630 doesn't match image C:\Adriel\School\Humber\Sem 3\Game Engines 3 (Unity)\kaiji-AR\AR_Assignment\Library\ScriptAssemblies\Unity.VisualScripting.State.Editor.dll
Symbol file LoadedFromMemory is not a mono symbol file
Symbol file data-000001F2E0F9B030 doesn't match image C:\Adriel\School\Humber\Sem 3\Game Engines 3 (Unity)\kaiji-AR\AR_Assignment\Library\ScriptAssemblies\Unity.VisualStudio.Editor.dll
Symbol file LoadedFromMemory is not a mono symbol file
Symbol file data-000001F2E34FF1A0 doesn't match image C:\Adriel\School\Humber\Sem 3\Game Engines 3 (Unity)\kaiji-AR\AR_Assignment\Library\ScriptAssemblies\Unity.XR.ARAnalytics.Editor.dll
Symbol file LoadedFromMemory is not a mono symbol file
Symbol file data-000001F2E0F9B030 doesn't match image C:\Adriel\School\Humber\Sem 3\Game Engines 3 (Unity)\kaiji-AR\AR_Assignment\Library\ScriptAssemblies\Unity.XR.ARCore.dll
Symbol file LoadedFromMemory is not a mono symbol file
Symbol file data-000001F2E0A40820 doesn't match image C:\Adriel\School\Humber\Sem 3\Game Engines 3 (Unity)\kaiji-AR\AR_Assignment\Library\ScriptAssemblies\Unity.XR.ARCore.Editor.dll
Symbol file LoadedFromMemory is not a mono symbol file
Symbol file data-000001F2DFB359D0 doesn't match image C:\Adriel\School\Humber\Sem 3\Game Engines 3 (Unity)\kaiji-AR\AR_Assignment\Library\ScriptAssemblies\Unity.XR.ARFoundation.dll
Symbol file LoadedFromMemory is not a mono symbol file
Symbol file data-000001F2E3CCA850 doesn't match image C:\Adriel\School\Humber\Sem 3\Game Engines 3 (Unity)\kaiji-AR\AR_Assignment\Library\ScriptAssemblies\Unity.XR.ARFoundation.Editor.dll
Symbol file LoadedFromMemory is not a mono symbol file
Symbol file data-000001F2E11AE390 doesn't match image C:\Adriel\School\Humber\Sem 3\Game Engines 3 (Unity)\kaiji-AR\AR_Assignment\Library\ScriptAssemblies\Unity.XR.ARFoundation.InternalUtils.dll
Symbol file LoadedFromMemory is not a mono symbol file
Symbol file data-000001F2DFB529E0 doesn't match image C:\Adriel\School\Humber\Sem 3\Game Engines 3 (Unity)\kaiji-AR\AR_Assignment\Library\ScriptAssemblies\Unity.XR.ARKit.dll
Symbol file LoadedFromMemory is not a mono symbol file
Symbol file data-000001F2E1DAD030 doesn't match image C:\Adriel\School\Humber\Sem 3\Game Engines 3 (Unity)\kaiji-AR\AR_Assignment\Library\ScriptAssemblies\Unity.XR.ARKit.Editor.dll
Symbol file LoadedFromMemory is not a mono symbol file
Symbol file data-000001F2E28C8E80 doesn't match image C:\Adriel\School\Humber\Sem 3\Game Engines 3 (Unity)\kaiji-AR\AR_Assignment\Library\ScriptAssemblies\Unity.XR.ARKit.FaceTracking.dll
Symbol file LoadedFromMemory is not a mono symbol file
Symbol file data-000001F2DFB609F0 doesn't match image C:\Adriel\School\Humber\Sem 3\Game Engines 3 (Unity)\kaiji-AR\AR_Assignment\Library\ScriptAssemblies\Unity.XR.ARSubsystems.dll
Symbol file LoadedFromMemory is not a mono symbol file
Symbol file data-000001F2DFF92A30 doesn't match image C:\Adriel\School\Humber\Sem 3\Game Engines 3 (Unity)\kaiji-AR\AR_Assignment\Library\ScriptAssemblies\Unity.XR.ARSubsystems.Editor.dll
Symbol file LoadedFromMemory is not a mono symbol file
Symbol file data-000001F2DF5B9A20 doesn't match image C:\Adriel\School\Humber\Sem 3\Game Engines 3 (Unity)\kaiji-AR\AR_Assignment\Library\ScriptAssemblies\Unity.XR.CoreUtils.dll
Symbol file LoadedFromMemory is not a mono symbol file
Symbol file data-000001F2E1DAD030 doesn't match image C:\Adriel\School\Humber\Sem 3\Game Engines 3 (Unity)\kaiji-AR\AR_Assignment\Library\ScriptAssemblies\Unity.XR.CoreUtils.Editor.dll
Symbol file LoadedFromMemory is not a mono symbol file
Symbol file data-000001F2E0EBAE30 doesn't match image C:\Adriel\School\Humber\Sem 3\Game Engines 3 (Unity)\kaiji-AR\AR_Assignment\Library\ScriptAssemblies\Unity.XR.Management.dll
Symbol file LoadedFromMemory is not a mono symbol file
Symbol file data-000001F2E143EA20 doesn't match image C:\Adriel\School\Humber\Sem 3\Game Engines 3 (Unity)\kaiji-AR\AR_Assignment\Library\ScriptAssemblies\Unity.XR.Management.Editor.dll
Symbol file LoadedFromMemory is not a mono symbol file
Symbol file data-000001F2E145BC30 doesn't match image C:\Adriel\School\Humber\Sem 3\Game Engines 3 (Unity)\kaiji-AR\AR_Assignment\Library\ScriptAssemblies\Unity.XR.Simulation.dll
Symbol file LoadedFromMemory is not a mono symbol file
Symbol file data-000001F2DF5C6A30 doesn't match image C:\Adriel\School\Humber\Sem 3\Game Engines 3 (Unity)\kaiji-AR\AR_Assignment\Library\ScriptAssemblies\Unity.XR.Simulation.Editor.dll
Symbol file LoadedFromMemory is not a mono symbol file
Symbol file data-000001F2E34FF1A0 doesn't match image C:\Adriel\School\Humber\Sem 3\Game Engines 3 (Unity)\kaiji-AR\AR_Assignment\Library\ScriptAssemblies\UnityEditor.SpatialTracking.dll
Symbol file LoadedFromMemory is not a mono symbol file
Symbol file data-000001F2E14C8620 doesn't match image C:\Adriel\School\Humber\Sem 3\Game Engines 3 (Unity)\kaiji-AR\AR_Assignment\Library\ScriptAssemblies\UnityEditor.TestRunner.dll
Symbol file LoadedFromMemory is not a mono symbol file
Symbol file data-000001F2DF5C6A30 doesn't match image C:\Adriel\School\Humber\Sem 3\Game Engines 3 (Unity)\kaiji-AR\AR_Assignment\Library\ScriptAssemblies\UnityEditor.UI.dll
Symbol file LoadedFromMemory is not a mono symbol file
Symbol file data-000001F2E0EBAE30 doesn't match image C:\Adriel\School\Humber\Sem 3\Game Engines 3 (Unity)\kaiji-AR\AR_Assignment\Library\ScriptAssemblies\UnityEditor.XR.LegacyInputHelpers.dll
Symbol file LoadedFromMemory is not a mono symbol file
Symbol file data-000001F2E0EBAE30 doesn't match image C:\Adriel\School\Humber\Sem 3\Game Engines 3 (Unity)\kaiji-AR\AR_Assignment\Library\ScriptAssemblies\UnityEngine.SpatialTracking.dll
Symbol file LoadedFromMemory is not a mono symbol file
Symbol file data-000001F2E06FE030 doesn't match image C:\Adriel\School\Humber\Sem 3\Game Engines 3 (Unity)\kaiji-AR\AR_Assignment\Library\ScriptAssemblies\UnityEngine.TestRunner.dll
Symbol file LoadedFromMemory is not a mono symbol file
Symbol file data-000001F2E122D010 doesn't match image C:\Adriel\School\Humber\Sem 3\Game Engines 3 (Unity)\kaiji-AR\AR_Assignment\Library\ScriptAssemblies\UnityEngine.UI.dll
Symbol file LoadedFromMemory is not a mono symbol file
Symbol file data-000001F2E3BCAC60 doesn't match image C:\Adriel\School\Humber\Sem 3\Game Engines 3 (Unity)\kaiji-AR\AR_Assignment\Library\ScriptAssemblies\UnityEngine.XR.LegacyInputHelpers.dll
Symbol file LoadedFromMemory is not a mono symbol file
Symbol file LoadedFromMemory doesn't match image C:\Adriel\School\Humber\Sem 3\Game Engines 3 (Unity)\kaiji-AR\AR_Assignment\Library\PackageCache\com.unity.visualscripting@1.8.0\Editor\VisualScripting.Core\Dependencies\YamlDotNet\Unity.VisualScripting.YamlDotNet.dll
Symbol file LoadedFromMemory doesn't match image C:\Adriel\School\Humber\Sem 3\Game Engines 3 (Unity)\kaiji-AR\AR_Assignment\Library\PackageCache\com.unity.visualscripting@1.8.0\Editor\VisualScripting.Core\Dependencies\DotNetZip\Unity.VisualScripting.IonicZip.dll
- Loaded All Assemblies, in  1.408 seconds
Refreshing native plugins compatible for Editor in 6.17 ms, found 4 plugins.
Native extension for iOS target not found
Native extension for Android target not found
Native extension for WindowsStandalone target not found
Package Manager log level set to [2]
[Package Manager] Failed to launch server process. Reason: Unity was launched with the -noUpm command-line argument
[Package Manager] Unable to send message (not connected to server process).
[Package Manager] Cannot connect to Unity Package Manager local server
Mono: successfully reloaded assembly
[Package Manager] Failed to launch server process. Reason: Unity was launched with the -noUpm command-line argument
[Package Manager] Unable to send message (not connected to server process).
[Package Manager] Cannot connect to Unity Package Manager local server
[Package Manager] Failed to launch server process. Reason: Unity was launched with the -noUpm command-line argument
[Package Manager] Unable to send message (not connected to server process).
[Package Manager] Cannot connect to Unity Package Manager local server
- Finished resetting the current domain, in  1.122 seconds
Domain Reload Profiling: 2520ms
	BeginReloadAssembly (382ms)
		ExecutionOrderSort (0ms)
		DisableScriptedObjects (9ms)
		BackupInstance (0ms)
		ReleaseScriptingObjects (0ms)
		CreateAndSetChildDomain (47ms)
	RebuildCommonClasses (48ms)
	RebuildNativeTypeToScriptingClass (15ms)
	initialDomainReloadingComplete (49ms)
	LoadAllAssembliesAndSetupDomain (903ms)
		LoadAssemblies (551ms)
		RebuildTransferFunctionScriptingTraits (0ms)
		AnalyzeDomain (492ms)
			TypeCache.Refresh (458ms)
				TypeCache.ScanAssembly (437ms)
			ScanForSourceGeneratedMonoScriptInfo (27ms)
			ResolveRequiredComponents (8ms)
	FinalizeReload (1123ms)
		ReleaseScriptCaches (0ms)
		RebuildScriptCaches (0ms)
		SetupLoadedEditorAssemblies (836ms)
			LogAssemblyErrors (0ms)
			InitializePlatformSupportModulesInManaged (44ms)
			SetLoadedEditorAssemblies (7ms)
			BeforeProcessingInitializeOnLoad (240ms)
			ProcessInitializeOnLoadAttributes (485ms)
			ProcessInitializeOnLoadMethodAttributes (50ms)
			AfterProcessingInitializeOnLoad (9ms)
			EditorAssembliesLoaded (0ms)
		ExecutionOrderSort2 (0ms)
		AwakeInstancesAfterBackupRestoration (8ms)
Launched and connected shader compiler UnityShaderCompiler.exe after 0.02 seconds
Refreshing native plugins compatible for Editor in 14.14 ms, found 4 plugins.
Preloading 0 native plugins for Editor in 0.00 ms.
Unloading 4366 Unused Serialized files (Serialized files now loaded: 0)
Unloading 57 unused Assets / (1.1 MB). Loaded Objects now: 4901.
Memory consumption went from 157.4 MB to 156.3 MB.
Total: 14.484000 ms (FindLiveObjects: 0.409600 ms CreateObjectMapping: 0.439700 ms MarkObjects: 12.749000 ms  DeleteObjects: 0.884100 ms)

AssetImportParameters requested are different than current active one (requested -> active):
  custom:video-decoder-webm-vp8: 9c59270c3fd7afecdb556c50c9e8de78 -> 
  custom:SearchIndexIgnoredProperties: e643bd26f0fe6173181afceb89e7c659 -> 
  custom:audio-encoder-webm-vorbis: bf7c407c2cedff20999df2af8eb42d56 -> 
  custom:AudioImporter_EditorPlatform: d09bf68614088b80899f8185d706f6e7 -> 
  custom:audio-decoder-ogg-vorbis: bf7c407c2cedff20999df2af8eb42d56 -> 
  custom:video-encoder-webm-vp8: eb34c28f22e8b96e1ab97ce403110664 -> 
  custom:container-demuxer-ogg: 62fdf1f143b41e24485cea50d1cbac27 -> 
  custom:framework-win-MediaFoundation: 216162199b28c13a410421893ffa2e32 -> 
  custom:video-decoder-ogg-theora: a1e56fd34408186e4bbccfd4996cb3dc -> 
  custom:container-muxer-webm: aa71ff27fc2769a1b78a27578f13a17b -> 
  custom:CustomObjectIndexerAttribute: 756ad292c208cfabdd7b50bc23989ffe -> 
  custom:container-demuxer-webm: 4f35f7cbe854078d1ac9338744f61a02 -> 
========================================================================
Received Import Request.
  Time since last request: 40845.404300 seconds.
  path: Assets/XR
  artifactKey: Guid(8c633c8dcc93fc94eba53559a749a041) Importer(815301076,1909f56bfc062723c751e8b465ee728b)
Start importing Assets/XR using Guid(8c633c8dcc93fc94eba53559a749a041) Importer(815301076,1909f56bfc062723c751e8b465ee728b)  -> (artifact id: 'ddfa65850800b09399d6c8ef83609836') in 0.021537 seconds
Number of updated asset objects reloaded before import = 0
Number of asset objects unloaded after import = 0
